#
# A fatal error has been detected by the Java Runtime Environment:
#
#  EXCEPTION_ACCESS_VIOLATION (0xc0000005) at pc=0x000000005d2ee5f2, pid=9076, tid=8244
#
# JRE version: Java(TM) SE Runtime Environment (8.0_60-b27) (build 1.8.0_60-b27)
# Java VM: Java HotSpot(TM) 64-Bit Server VM (25.60-b23 mixed mode windows-amd64 compressed oops)
# Problematic frame:
# V  [jvm.dll+0xae5f2]
#
# Failed to write core dump. Minidumps are not enabled by default on client versions of Windows
#
# If you would like to submit a bug report, please visit:
#   http://bugreport.java.com/bugreport/crash.jsp
#

---------------  T H R E A D  ---------------

Current thread (0x000000000223f000):  GCTaskThread [stack: 0x0000000012630000,0x0000000012730000] [id=8244]

siginfo: ExceptionCode=0xc0000005, reading address 0xffffffffffffffff

Registers:
RAX=0x00050002021b0107, RBX=0x000000077b1fa3b0, RCX=0x00000007c00017d0, RDX=0x000000077b1fa3b0
RSP=0x000000001272f9e8, RBP=0x0000000000000000, RSI=0x000000001bd653c0, RDI=0x000000001f99fee0
R8 =0x0000000000000001, R9 =0x00000007c00017d0, R10=0x002f007300650067, R11=0x000000077bce2640
R12=0x000000005d88aff8, R13=0x000000000000000d, R14=0x0000000000000000, R15=0x000000000223f470
RIP=0x000000005d2ee5f2, EFLAGS=0x0000000000010202

Top of Stack: (sp=0x000000001272f9e8)
0x000000001272f9e8:   000000005d63add2 0000000000000011
0x000000001272f9f8:   0000000000000003 000000001bd653c0
0x000000001272fa08:   000000000308c8a8 000000077bce22b0
0x000000001272fa18:   0000000000001000 0000000000000000
0x000000001272fa28:   000000005d351663 0000000000000000
0x000000001272fa38:   0000000002231e01 000000005d88aff8
0x000000001272fa48:   000000005d63b140 000000077bce2554
0x000000001272fa58:   0000000000000000 000000001bd653c0
0x000000001272fa68:   000000001f99fee0 000000077bce2554
0x000000001272fa78:   000000005d63bb15 000000000000000d
0x000000001272fa88:   000000005d88aff8 000000077bce2510
0x000000001272fa98:   000000005d63b051 000000077b1fa208
0x000000001272faa8:   0000000000000003 000000001bd653c0
0x000000001272fab8:   0000242e00000a9c 000000001f99fdf0
0x000000001272fac8:   0000242d00000a9c 000013f400003572
0x000000001272fad8:   000013f40000356e 000000000223f460 

Instructions: (pc=0x000000005d2ee5f2)
0x000000005d2ee5d2:   e2 49 8d 0c 11 49 f7 d1 48 03 c1 49 c1 e9 03 48
0x000000005d2ee5e2:   c1 e8 03 41 23 c1 c3 48 8b 02 48 8b d1 49 8b c9
0x000000005d2ee5f2:   48 ff a0 e8 00 00 00 cc cc cc cc cc cc cc 80 3d
0x000000005d2ee602:   6a 1c 75 00 00 48 8b c1 74 1b 8b 51 08 8b 0d 7b 


Register to memory mapping:

RAX=0x00050002021b0107 is an unknown value
RBX=0x000000077b1fa3b0 is an oop

[error occurred during error reporting (printing register info), id 0xc0000005]

Stack: [0x0000000012630000,0x0000000012730000],  sp=0x000000001272f9e8,  free space=1022k
Native frames: (J=compiled Java code, j=interpreted, Vv=VM code, C=native code)


---------------  P R O C E S S  ---------------

Java Threads: ( => current thread )
  0x000000001ff1a000 JavaThread "Keep-Alive-Timer" daemon [_thread_blocked, id=2144, stack(0x0000000024cd0000,0x0000000024dd0000)]
  0x000000001ff1f000 JavaThread "http-nio-9000-exec-2" daemon [_thread_blocked, id=3532, stack(0x0000000024bd0000,0x0000000024cd0000)]
  0x000000001ff1d000 JavaThread "http-nio-9000-exec-1" daemon [_thread_blocked, id=4484, stack(0x0000000020540000,0x0000000020640000)]
  0x000000001ff1e800 JavaThread "pool-2-thread-1" [_thread_blocked, id=8592, stack(0x0000000024df0000,0x0000000024ef0000)]
  0x000000001ff19000 JavaThread "DestroyJavaVM" [_thread_blocked, id=11568, stack(0x0000000002120000,0x0000000002220000)]
  0x000000001ff1b800 JavaThread "http-nio-9000-Acceptor-0" daemon [_thread_in_native, id=4932, stack(0x0000000028160000,0x0000000028260000)]
  0x000000001ff1a800 JavaThread "http-nio-9000-ClientPoller-1" daemon [_thread_in_native, id=11400, stack(0x0000000028060000,0x0000000028160000)]
  0x00000000259c7000 JavaThread "http-nio-9000-ClientPoller-0" daemon [_thread_in_native, id=9400, stack(0x0000000026bb0000,0x0000000026cb0000)]
  0x000000002420f800 JavaThread "NioBlockingSelector.BlockPoller-1" daemon [_thread_in_native, id=9756, stack(0x0000000024f40000,0x0000000025040000)]
  0x00000000259c5000 JavaThread "pool-1-thread-1" [_thread_blocked, id=5648, stack(0x00000000262d0000,0x00000000263d0000)]
  0x00000000218e6800 JavaThread "OkHttp https://funstream.tv/socket.io/?EIO=3&transport=websocket" [_thread_in_native, id=6552, stack(0x00000000267b0000,0x00000000268b0000)]
  0x0000000021a93000 JavaThread "container-0" [_thread_blocked, id=8044, stack(0x0000000024ad0000,0x0000000024bd0000)]
  0x0000000024151800 JavaThread "ContainerBackgroundProcessor[StandardEngine[Tomcat].StandardHost[localhost].StandardContext[]]" daemon [_thread_blocked, id=11108, stack(0x00000000230c0000,0x00000000231c0000)]
  0x000000001ea95000 JavaThread "Monitor Ctrl-Break" daemon [_thread_in_native, id=11828, stack(0x000000001f380000,0x000000001f480000)]
  0x000000001ded5800 JavaThread "Service Thread" daemon [_thread_blocked, id=2960, stack(0x000000001e810000,0x000000001e910000)]
  0x000000001de48800 JavaThread "C1 CompilerThread3" daemon [_thread_blocked, id=2572, stack(0x000000001e710000,0x000000001e810000)]
  0x000000001de47800 JavaThread "C2 CompilerThread2" daemon [_thread_blocked, id=2784, stack(0x000000001e610000,0x000000001e710000)]
  0x000000001de43800 JavaThread "C2 CompilerThread1" daemon [_thread_blocked, id=10764, stack(0x000000001e510000,0x000000001e610000)]
  0x000000001de3f000 JavaThread "C2 CompilerThread0" daemon [_thread_blocked, id=6280, stack(0x000000001e410000,0x000000001e510000)]
  0x000000001de4e800 JavaThread "Attach Listener" daemon [_thread_blocked, id=1728, stack(0x000000001e310000,0x000000001e410000)]
  0x000000001de4d000 JavaThread "Signal Dispatcher" daemon [_thread_blocked, id=6620, stack(0x000000001e210000,0x000000001e310000)]
  0x000000000231e800 JavaThread "Finalizer" daemon [_thread_blocked, id=1532, stack(0x000000001dc30000,0x000000001dd30000)]
  0x000000001bd6d800 JavaThread "Reference Handler" daemon [_thread_blocked, id=11368, stack(0x000000001db30000,0x000000001dc30000)]

Other Threads:
  0x000000001bd69000 VMThread [stack: 0x000000001da30000,0x000000001db30000] [id=9728]
  0x000000001def0000 WatcherThread [stack: 0x000000001e910000,0x000000001ea10000] [id=8344]

=>0x000000000223f000 (exited) GCTaskThread [stack: 0x0000000012630000,0x0000000012730000] [id=8244]

VM state:at safepoint (normal execution)

VM Mutex/Monitor currently owned by a thread:  ([mutex/lock_event])
[0x0000000002223890] Threads_lock - owner thread: 0x000000001bd69000
[0x0000000002222f90] Heap_lock - owner thread: 0x000000001ff1a000

Heap:
 PSYoungGen      total 257024K, used 256976K [0x000000076b200000, 0x000000077c600000, 0x00000007c0000000)
  eden space 247296K, 100% used [0x000000076b200000,0x000000077a380000,0x000000077a380000)
  from space 9728K, 99% used [0x000000077af80000,0x000000077b8f42a8,0x000000077b900000)
  to   space 13312K, 81% used [0x000000077b900000,0x000000077c39e2c0,0x000000077c600000)
 ParOldGen       total 162816K, used 19955K [0x00000006c1600000, 0x00000006cb500000, 0x000000076b200000)
  object space 162816K, 12% used [0x00000006c1600000,0x00000006c297cc28,0x00000006cb500000)
 Metaspace       used 37543K, capacity 37928K, committed 38400K, reserved 1083392K
  class space    used 4454K, capacity 4550K, committed 4608K, reserved 1048576K

Card table byte_map: [0x00000000116e0000,0x0000000011ee0000] byte_map_base: 0x000000000e0d5000

Marking Bits: (ParMarkBitMap*) 0x000000005da4a5b0
 Begin Bits: [0x0000000012c30000, 0x0000000016bd8000)
 End Bits:   [0x0000000016bd8000, 0x000000001ab80000)

Polling page: 0x0000000002050000

CodeCache: size=245760Kb used=17113Kb max_used=17113Kb free=228646Kb
 bounds [0x0000000002320000, 0x0000000003400000, 0x0000000011320000]
 total_blobs=5224 nmethods=4749 adapters=387
 compilation: enabled

Compilation events (10 events):
Event: 1126.154 Thread 0x000000001de48800 5878   !   3       com.fasterxml.jackson.databind.introspect.AnnotatedClass::resolveMemberMethods (237 bytes)
Event: 1126.158 Thread 0x000000001de48800 nmethod 5878 0x00000000033eb710 code [0x00000000033eba60, 0x00000000033edbf8]
Event: 1126.158 Thread 0x000000001de48800 5879       3       com.fasterxml.jackson.databind.introspect.AnnotatedClass::_addAnnotationsIfNotPresent (95 bytes)
Event: 1126.159 Thread 0x000000001de48800 nmethod 5879 0x00000000033ee8d0 code [0x00000000033eeac0, 0x00000000033ef518]
Event: 1126.160 Thread 0x000000001de48800 5877       3       com.fasterxml.jackson.databind.introspect.AnnotatedClass::resolveFields (67 bytes)
Event: 1126.160 Thread 0x000000001de48800 nmethod 5877 0x00000000033ef950 code [0x00000000033efb20, 0x00000000033f01f8]
Event: 1126.308 Thread 0x000000001de48800 5880       3       com.fasterxml.jackson.databind.introspect.JacksonAnnotationIntrospector::findCreatorBinding (27 bytes)
Event: 1126.308 Thread 0x000000001de48800 nmethod 5880 0x00000000027cdd90 code [0x00000000027cdf20, 0x00000000027ce438]
Event: 1126.309 Thread 0x000000001de48800 5881       3       com.fasterxml.jackson.databind.deser.std.ContainerDeserializerBase::<init> (6 bytes)
Event: 1126.309 Thread 0x000000001de48800 nmethod 5881 0x00000000027d2210 code [0x00000000027d2380, 0x00000000027d2710]

GC Heap History (10 events):
Event: 111.243 GC heap after
Heap after GC invocations=9 (full 2):
 PSYoungGen      total 223232K, used 3240K [0x000000076b200000, 0x000000077e380000, 0x00000007c0000000)
  eden space 209920K, 0% used [0x000000076b200000,0x000000076b200000,0x0000000777f00000)
  from space 13312K, 24% used [0x0000000777f00000,0x000000077822a150,0x0000000778c00000)
  to   space 15360K, 0% used [0x000000077d480000,0x000000077d480000,0x000000077e380000)
 ParOldGen       total 162816K, used 19915K [0x00000006c1600000, 0x00000006cb500000, 0x000000076b200000)
  object space 162816K, 12% used [0x00000006c1600000,0x00000006c2972c28,0x00000006cb500000)
 Metaspace       used 36902K, capacity 37304K, committed 37632K, reserved 1083392K
  class space    used 4448K, capacity 4542K, committed 4608K, reserved 1048576K
}
Event: 299.011 GC heap before
{Heap before GC invocations=10 (full 2):
 PSYoungGen      total 223232K, used 213160K [0x000000076b200000, 0x000000077e380000, 0x00000007c0000000)
  eden space 209920K, 100% used [0x000000076b200000,0x0000000777f00000,0x0000000777f00000)
  from space 13312K, 24% used [0x0000000777f00000,0x000000077822a150,0x0000000778c00000)
  to   space 15360K, 0% used [0x000000077d480000,0x000000077d480000,0x000000077e380000)
 ParOldGen       total 162816K, used 19915K [0x00000006c1600000, 0x00000006cb500000, 0x000000076b200000)
  object space 162816K, 12% used [0x00000006c1600000,0x00000006c2972c28,0x00000006cb500000)
 Metaspace       used 37106K, capacity 37502K, committed 37888K, reserved 1083392K
  class space    used 4450K, capacity 4543K, committed 4608K, reserved 1048576K
Event: 299.015 GC heap after
Heap after GC invocations=10 (full 2):
 PSYoungGen      total 279040K, used 4595K [0x000000076b200000, 0x000000077db00000, 0x00000007c0000000)
  eden space 272384K, 0% used [0x000000076b200000,0x000000076b200000,0x000000077bc00000)
  from space 6656K, 69% used [0x000000077d480000,0x000000077d8fcfb8,0x000000077db00000)
  to   space 15872K, 0% used [0x000000077bc00000,0x000000077bc00000,0x000000077cb80000)
 ParOldGen       total 162816K, used 19923K [0x00000006c1600000, 0x00000006cb500000, 0x000000076b200000)
  object space 162816K, 12% used [0x00000006c1600000,0x00000006c2974c28,0x00000006cb500000)
 Metaspace       used 37106K, capacity 37502K, committed 37888K, reserved 1083392K
  class space    used 4450K, capacity 4543K, committed 4608K, reserved 1048576K
}
Event: 483.841 GC heap before
{Heap before GC invocations=11 (full 2):
 PSYoungGen      total 279040K, used 276979K [0x000000076b200000, 0x000000077db00000, 0x00000007c0000000)
  eden space 272384K, 100% used [0x000000076b200000,0x000000077bc00000,0x000000077bc00000)
  from space 6656K, 69% used [0x000000077d480000,0x000000077d8fcfb8,0x000000077db00000)
  to   space 15872K, 0% used [0x000000077bc00000,0x000000077bc00000,0x000000077cb80000)
 ParOldGen       total 162816K, used 19923K [0x00000006c1600000, 0x00000006cb500000, 0x000000076b200000)
  object space 162816K, 12% used [0x00000006c1600000,0x00000006c2974c28,0x00000006cb500000)
 Metaspace       used 37288K, capacity 37736K, committed 38144K, reserved 1083392K
  class space    used 4454K, capacity 4550K, committed 4608K, reserved 1048576K
Event: 483.852 GC heap after
Heap after GC invocations=11 (full 2):
 PSYoungGen      total 270336K, used 6225K [0x000000076b200000, 0x000000077d500000, 0x00000007c0000000)
  eden space 263680K, 0% used [0x000000076b200000,0x000000076b200000,0x000000077b380000)
  from space 6656K, 93% used [0x000000077bc00000,0x000000077c214550,0x000000077c280000)
  to   space 15872K, 0% used [0x000000077c580000,0x000000077c580000,0x000000077d500000)
 ParOldGen       total 162816K, used 19931K [0x00000006c1600000, 0x00000006cb500000, 0x000000076b200000)
  object space 162816K, 12% used [0x00000006c1600000,0x00000006c2976c28,0x00000006cb500000)
 Metaspace       used 37288K, capacity 37736K, committed 38144K, reserved 1083392K
  class space    used 4454K, capacity 4550K, committed 4608K, reserved 1048576K
}
Event: 689.737 GC heap before
{Heap before GC invocations=12 (full 2):
 PSYoungGen      total 270336K, used 269905K [0x000000076b200000, 0x000000077d500000, 0x00000007c0000000)
  eden space 263680K, 100% used [0x000000076b200000,0x000000077b380000,0x000000077b380000)
  from space 6656K, 93% used [0x000000077bc00000,0x000000077c214550,0x000000077c280000)
  to   space 15872K, 0% used [0x000000077c580000,0x000000077c580000,0x000000077d500000)
 ParOldGen       total 162816K, used 19931K [0x00000006c1600000, 0x00000006cb500000, 0x000000076b200000)
  object space 162816K, 12% used [0x00000006c1600000,0x00000006c2976c28,0x00000006cb500000)
 Metaspace       used 37395K, capacity 37800K, committed 38144K, reserved 1083392K
  class space    used 4454K, capacity 4550K, committed 4608K, reserved 1048576K
Event: 689.747 GC heap after
Heap after GC invocations=12 (full 2):
 PSYoungGen      total 263680K, used 8032K [0x000000076b200000, 0x000000077cd80000, 0x00000007c0000000)
  eden space 255488K, 0% used [0x000000076b200000,0x000000076b200000,0x000000077ab80000)
  from space 8192K, 98% used [0x000000077c580000,0x000000077cd58268,0x000000077cd80000)
  to   space 15360K, 0% used [0x000000077af80000,0x000000077af80000,0x000000077be80000)
 ParOldGen       total 162816K, used 19939K [0x00000006c1600000, 0x00000006cb500000, 0x000000076b200000)
  object space 162816K, 12% used [0x00000006c1600000,0x00000006c2978c28,0x00000006cb500000)
 Metaspace       used 37395K, capacity 37800K, committed 38144K, reserved 1083392K
  class space    used 4454K, capacity 4550K, committed 4608K, reserved 1048576K
}
Event: 906.307 GC heap before
{Heap before GC invocations=13 (full 2):
 PSYoungGen      total 263680K, used 263520K [0x000000076b200000, 0x000000077cd80000, 0x00000007c0000000)
  eden space 255488K, 100% used [0x000000076b200000,0x000000077ab80000,0x000000077ab80000)
  from space 8192K, 98% used [0x000000077c580000,0x000000077cd58268,0x000000077cd80000)
  to   space 15360K, 0% used [0x000000077af80000,0x000000077af80000,0x000000077be80000)
 ParOldGen       total 162816K, used 19939K [0x00000006c1600000, 0x00000006cb500000, 0x000000076b200000)
  object space 162816K, 12% used [0x00000006c1600000,0x00000006c2978c28,0x00000006cb500000)
 Metaspace       used 37445K, capacity 37864K, committed 38400K, reserved 1083392K
  class space    used 4454K, capacity 4550K, committed 4608K, reserved 1048576K
Event: 906.319 GC heap after
Heap after GC invocations=13 (full 2):
 PSYoungGen      total 257024K, used 9680K [0x000000076b200000, 0x000000077c600000, 0x00000007c0000000)
  eden space 247296K, 0% used [0x000000076b200000,0x000000076b200000,0x000000077a380000)
  from space 9728K, 99% used [0x000000077af80000,0x000000077b8f42a8,0x000000077b900000)
  to   space 13312K, 0% used [0x000000077b900000,0x000000077b900000,0x000000077c600000)
 ParOldGen       total 162816K, used 19947K [0x00000006c1600000, 0x00000006cb500000, 0x000000076b200000)
  object space 162816K, 12% used [0x00000006c1600000,0x00000006c297ac28,0x00000006cb500000)
 Metaspace       used 37445K, capacity 37864K, committed 38400K, reserved 1083392K
  class space    used 4454K, capacity 4550K, committed 4608K, reserved 1048576K
}
Event: 1129.083 GC heap before
{Heap before GC invocations=14 (full 2):
 PSYoungGen      total 257024K, used 256976K [0x000000076b200000, 0x000000077c600000, 0x00000007c0000000)
  eden space 247296K, 100% used [0x000000076b200000,0x000000077a380000,0x000000077a380000)
  from space 9728K, 99% used [0x000000077af80000,0x000000077b8f42a8,0x000000077b900000)
  to   space 13312K, 0% used [0x000000077b900000,0x000000077b900000,0x000000077c600000)
 ParOldGen       total 162816K, used 19947K [0x00000006c1600000, 0x00000006cb500000, 0x000000076b200000)
  object space 162816K, 12% used [0x00000006c1600000,0x00000006c297ac28,0x00000006cb500000)
 Metaspace       used 37543K, capacity 37928K, committed 38400K, reserved 1083392K
  class space    used 4454K, capacity 4550K, committed 4608K, reserved 1048576K

Deoptimization events (10 events):
Event: 18.639 Thread 0x000000001ff1d000 Uncommon trap: reason=bimorphic action=maybe_recompile pc=0x0000000002deea48 method=java.util.AbstractList$Itr.next()Ljava/lang/Object; @ 14
Event: 23.460 Thread 0x00000000259c5000 Uncommon trap: reason=unstable_if action=reinterpret pc=0x00000000025ddee4 method=com.fasterxml.jackson.core.sym.CharsToNameCanonicalizer.findSymbol([CIII)Ljava/lang/String; @ 101
Event: 23.664 Thread 0x00000000259c5000 Uncommon trap: reason=unstable_if action=reinterpret pc=0x0000000002b406fc method=com.fasterxml.jackson.core.json.ReaderBasedJsonParser._skipComma(I)I @ 49
Event: 23.801 Thread 0x00000000259c5000 Uncommon trap: reason=unstable_if action=reinterpret pc=0x0000000002c56978 method=com.fasterxml.jackson.core.json.ReaderBasedJsonParser._skipComma(I)I @ 49
Event: 84.054 Thread 0x00000000259c5000 Uncommon trap: reason=unstable_if action=reinterpret pc=0x000000000271ab78 method=java.util.concurrent.locks.ReentrantLock$Sync.nonfairTryAcquire(I)Z @ 34
Event: 143.798 Thread 0x00000000259c5000 Uncommon trap: reason=null_check action=make_not_entrant pc=0x00000000030a8cf0 method=com.fasterxml.jackson.databind.deser.impl.BeanPropertyMap.find(Ljava/lang/String;)Lcom/fasterxml/jackson/databind/deser/SettableBeanProperty; @ 57
Event: 164.063 Thread 0x00000000218e6800 Uncommon trap: reason=unstable_if action=reinterpret pc=0x00000000026b0f14 method=com.sun.crypto.provider.GaloisCounterMode.increment32([B)V @ 39
Event: 223.590 Thread 0x00000000259c5000 Uncommon trap: reason=unstable_if action=reinterpret pc=0x00000000027e2630 method=com.fasterxml.jackson.core.util.TextBuffer.contentsAsString()Ljava/lang/String; @ 97
Event: 343.456 Thread 0x00000000259c5000 Uncommon trap: reason=unstable_if action=reinterpret pc=0x0000000002d137e0 method=com.fasterxml.jackson.core.sym.CharsToNameCanonicalizer$Bucket.has([CII)Ljava/lang/String; @ 8
Event: 463.834 Thread 0x00000000259c5000 Uncommon trap: reason=unstable_if action=reinterpret pc=0x00000000032c2794 method=sun.net.www.http.ChunkedInputStream.processRaw()V @ 247

Internal exceptions (10 events):
Event: 18.591 Thread 0x000000001ff1d000 Exception <a 'java/lang/ClassNotFoundException': java/lang/ObjectCustomizer> (0x000000076daf1c00) thrown at [C:\re\workspace\8-2-build-windows-amd64-cygwin\jdk8u60\4407\hotspot\src\share\vm\classfile\systemDictionary.cpp, line 210]
Event: 18.592 Thread 0x000000001ff1d000 Exception <a 'java/lang/ClassNotFoundException': org/springframework/web/servlet/theme/AbstractThemeResolverCustomizer> (0x000000076db0dcc0) thrown at [C:\re\workspace\8-2-build-windows-amd64-cygwin\jdk8u60\4407\hotspot\src\share\vm\classfile\systemDiction¡U™™—2@
Event: 18.592 Thread 0x000000001ff1d000 Exception <a 'java/lang/ClassNotFoundException': org/springframework/web/servlet/theme/FixedThemeResolverCustomizer> (0x000000076db29010) thrown at [C:\re\workspace\8-2-build-windows-amd64-cygwin\jdk8u60\4407\hotspot\src\share\vm\classfile\systemDictionaryÏ&'?%˜2@
Event: 18.594 Thread 0x000000001ff1d000 Exception <a 'java/lang/ClassNotFoundException': java/lang/ObjectCustomizer> (0x000000076db4f518) thrown at [C:\re\workspace\8-2-build-windows-amd64-cygwin\jdk8u60\4407\hotspot\src\share\vm\classfile\systemDictionary.cpp, line 210]
Event: 18.595 Thread 0x000000001ff1d000 Exception <a 'java/lang/ClassNotFoundException': org/springframework/web/servlet/view/DefaultRequestToViewNameTranslatorCustomizer> (0x000000076db6d9c0) thrown at [C:\re\workspace\8-2-build-windows-amd64-cygwin\jdk8u60\4407\hotspot\src\share\vm\classfile\s¹.‚™2@
Event: 18.598 Thread 0x000000001ff1d000 Exception <a 'java/lang/ClassNotFoundException': java/lang/ObjectCustomizer> (0x000000076dbbb368) thrown at [C:\re\workspace\8-2-build-windows-amd64-cygwin\jdk8u60\4407\hotspot\src\share\vm\classfile\systemDictionary.cpp, line 210]
Event: 18.598 Thread 0x000000001ff1d000 Exception <a 'java/lang/ClassNotFoundException': org/springframework/web/servlet/support/AbstractFlashMapManagerCustomizer> (0x000000076dbd7af0) thrown at [C:\re\workspace\8-2-build-windows-amd64-cygwin\jdk8u60\4407\hotspot\src\share\vm\classfile\systemDicþ¡ØIa™2@
Event: 18.599 Thread 0x000000001ff1d000 Exception <a 'java/lang/ClassNotFoundException': org/springframework/web/servlet/support/SessionFlashMapManagerCustomizer> (0x000000076dbf80e8) thrown at [C:\re\workspace\8-2-build-windows-amd64-cygwin\jdk8u60\4407\hotspot\src\share\vm\classfile\systemDictæCä°Þu7@
Event: 23.460 Thread 0x00000000259c5000 Implicit null exception at 0x00000000025dd6b1 to 0x00000000025ddebd
Event: 143.798 Thread 0x00000000259c5000 Implicit null exception at 0x00000000030a7d45 to 0x00000000030a8cb1

Events (10 events):
Event: 1126.156 Executing VM operation: RevokeBias done
Event: 1126.158 Thread 0x000000001de48800 flushing nmethod 0x00000000027cdb90
Event: 1126.158 Thread 0x000000001de48800 flushing nmethod 0x00000000027d2210
Event: 1126.160 Thread 0x000000001de48800 flushing nmethod 0x00000000029c1490
Event: 1126.504 Executing VM operation: RevokeBias
Event: 1126.504 Executing VM operation: RevokeBias done
Event: 1126.504 Thread 0x0000000021a8a000 Thread exited: 0x0000000021a8a000
Event: 1128.632 Thread 0x000000001ff1d800 Thread added: 0x000000001ff1d800
Event: 1128.632 Thread 0x000000001ff1d800 Thread exited: 0x000000001ff1d800
Event: 1129.083 Executing VM operation: ParallelGCFailedAllocation


Dynamic libraries:
0x00007ff677720000 - 0x00007ff677757000 	C:\Program Files\Java\jdk1.8.0_60\bin\java.exe
0x00007ffaa3a20000 - 0x00007ffaa3bcd000 	C:\WINDOWS\SYSTEM32\ntdll.dll
0x00007ffaa1380000 - 0x00007ffaa14be000 	C:\WINDOWS\system32\KERNEL32.DLL
0x00007ffaa0c40000 - 0x00007ffaa0d55000 	C:\WINDOWS\system32\KERNELBASE.dll
0x00007ffa9f460000 - 0x00007ffa9f4ee000 	C:\WINDOWS\system32\apphelp.dll
0x00007ffa98350000 - 0x00007ffa983a3000 	C:\WINDOWS\AppPatch\AppPatch64\AcGenral.DLL
0x00007ffaa12d0000 - 0x00007ffaa137a000 	C:\WINDOWS\system32\msvcrt.dll
0x00007ffaa0930000 - 0x00007ffaa095e000 	C:\WINDOWS\SYSTEM32\SspiCli.dll
0x00007ffaa36a0000 - 0x00007ffaa36f4000 	C:\WINDOWS\system32\SHLWAPI.dll
0x00007ffaa19a0000 - 0x00007ffaa1b17000 	C:\WINDOWS\system32\USER32.dll
0x00007ffaa3280000 - 0x00007ffaa3414000 	C:\WINDOWS\system32\ole32.dll
0x00007ffaa1d30000 - 0x00007ffaa325a000 	C:\WINDOWS\system32\SHELL32.dll
0x00007ffaa0110000 - 0x00007ffaa0131000 	C:\WINDOWS\SYSTEM32\USERENV.dll
0x00007ffaa1b30000 - 0x00007ffaa1bda000 	C:\WINDOWS\system32\ADVAPI32.dll
0x00007ffa99820000 - 0x00007ffa9983e000 	C:\WINDOWS\SYSTEM32\MPR.dll
0x00007ffaa14c0000 - 0x00007ffaa1601000 	C:\WINDOWS\system32\RPCRT4.dll
0x00007ffaa3700000 - 0x00007ffaa3759000 	C:\WINDOWS\SYSTEM32\sechost.dll
0x00007ffaa10a0000 - 0x00007ffaa12b1000 	C:\WINDOWS\SYSTEM32\combase.dll
0x00007ffaa1be0000 - 0x00007ffaa1d30000 	C:\WINDOWS\system32\GDI32.dll
0x00007ffaa0b70000 - 0x00007ffaa0b85000 	C:\WINDOWS\SYSTEM32\profapi.dll
0x00007ffa9f3a0000 - 0x00007ffa9f452000 	C:\WINDOWS\SYSTEM32\SHCORE.dll
0x00007ffaa16d0000 - 0x00007ffaa1706000 	C:\WINDOWS\system32\IMM32.DLL
0x00007ffaa1840000 - 0x00007ffaa1992000 	C:\WINDOWS\system32\MSCTF.dll
0x00007ffa9dbb0000 - 0x00007ffa9de2b000 	C:\WINDOWS\WinSxS\amd64_microsoft.windows.common-controls_6595b64144ccf1df_6.0.9600.18006_none_623f33d3ecbe86e8\COMCTL32.dll
0x000000005dad0000 - 0x000000005dba2000 	C:\Program Files\Java\jdk1.8.0_60\jre\bin\msvcr100.dll
0x000000005d240000 - 0x000000005dac9000 	C:\Program Files\Java\jdk1.8.0_60\jre\bin\server\jvm.dll
0x00007ffa99af0000 - 0x00007ffa99af9000 	C:\WINDOWS\SYSTEM32\WSOCK32.dll
0x00007ffa93ef0000 - 0x00007ffa93f12000 	C:\WINDOWS\SYSTEM32\WINMM.dll
0x00007ffa9a280000 - 0x00007ffa9a28a000 	C:\WINDOWS\SYSTEM32\VERSION.dll
0x00007ffaa12c0000 - 0x00007ffaa12c7000 	C:\WINDOWS\system32\PSAPI.DLL
0x00007ffaa1710000 - 0x00007ffaa176a000 	C:\WINDOWS\system32\WS2_32.dll
0x00007ffa93e60000 - 0x00007ffa93e8a000 	C:\WINDOWS\SYSTEM32\WINMMBASE.dll
0x00007ffaa1830000 - 0x00007ffaa1839000 	C:\WINDOWS\system32\NSI.dll
0x00007ffaa0d60000 - 0x00007ffaa0daf000 	C:\WINDOWS\SYSTEM32\cfgmgr32.dll
0x00007ffa9f980000 - 0x00007ffa9f9a8000 	C:\WINDOWS\SYSTEM32\DEVOBJ.dll
0x000000005d230000 - 0x000000005d23f000 	C:\Program Files\Java\jdk1.8.0_60\jre\bin\verify.dll
0x000000005d200000 - 0x000000005d229000 	C:\Program Files\Java\jdk1.8.0_60\jre\bin\java.dll
0x000000005d190000 - 0x000000005d1a6000 	C:\Program Files\Java\jdk1.8.0_60\jre\bin\zip.dll
0x00007ffa985b0000 - 0x00007ffa985c0000 	C:\Program Files (x86)\JetBrains\IntelliJ IDEA Community Edition 14.1\bin\breakgen64.dll
0x000000005d130000 - 0x000000005d14a000 	C:\Program Files\Java\jdk1.8.0_60\jre\bin\net.dll
0x00007ffaa0380000 - 0x00007ffaa03d9000 	C:\WINDOWS\system32\mswsock.dll
0x000000005d100000 - 0x000000005d10d000 	C:\Program Files\Java\jdk1.8.0_60\jre\bin\management.dll
0x00007ffa9a290000 - 0x00007ffa9a2a5000 	C:\WINDOWS\system32\napinsp.dll
0x00007ffa9ac90000 - 0x00007ffa9acaa000 	C:\WINDOWS\system32\pnrpnsp.dll
0x00007ffa9e650000 - 0x00007ffa9e66b000 	C:\WINDOWS\system32\NLAapi.dll
0x00007ffaa0180000 - 0x00007ffaa0224000 	C:\WINDOWS\SYSTEM32\DNSAPI.dll
0x00007ffa9acb0000 - 0x00007ffa9acbd000 	C:\WINDOWS\System32\winrnr.dll
0x00007ffa9a2b0000 - 0x00007ffa9a2ba000 	C:\Windows\System32\rasadhlp.dll
0x00007ffa9e240000 - 0x00007ffa9e26a000 	C:\WINDOWS\SYSTEM32\IPHLPAPI.DLL
0x00007ffa9e220000 - 0x00007ffa9e22a000 	C:\WINDOWS\SYSTEM32\WINNSI.DLL
0x00007ffa9e160000 - 0x00007ffa9e1cb000 	C:\WINDOWS\System32\fwpuclnt.dll
0x000000005d110000 - 0x000000005d121000 	C:\Program Files\Java\jdk1.8.0_60\jre\bin\nio.dll
0x00007ffaa03e0000 - 0x00007ffaa0400000 	C:\WINDOWS\SYSTEM32\CRYPTSP.dll
0x00007ffaa0000000 - 0x00007ffaa0036000 	C:\WINDOWS\system32\rsaenh.dll
0x00007ffaa0630000 - 0x00007ffaa0656000 	C:\WINDOWS\SYSTEM32\bcrypt.dll
0x00007ffaa0970000 - 0x00007ffaa09d3000 	C:\WINDOWS\system32\bcryptprimitives.dll
0x00007ffaa09e0000 - 0x00007ffaa09eb000 	C:\WINDOWS\SYSTEM32\CRYPTBASE.dll
0x00007ffa9e050000 - 0x00007ffa9e066000 	C:\WINDOWS\SYSTEM32\dhcpcsvc6.DLL
0x00007ffa9e030000 - 0x00007ffa9e04a000 	C:\WINDOWS\SYSTEM32\dhcpcsvc.DLL
0x000000005ddd0000 - 0x000000005ddf4000 	C:\Program Files\Java\jdk1.8.0_60\jre\bin\sunec.dll
0x00007ffa99120000 - 0x00007ffa992a9000 	C:\WINDOWS\SYSTEM32\dbghelp.dll

VM Arguments:
jvm_args: -Didea.launcher.port=7539 -Didea.launcher.bin.path=C:\Program Files (x86)\JetBrains\IntelliJ IDEA Community Edition 14.1\bin -Dfile.encoding=windows-1251 
java_command: com.intellij.rt.execution.application.AppMain big.peka.network.spring.Application
java_class_path (initial): C:\Program Files\Java\jdk1.8.0_60\jre\lib\charsets.jar;C:\Program Files\Java\jdk1.8.0_60\jre\lib\deploy.jar;C:\Program Files\Java\jdk1.8.0_60\jre\lib\javaws.jar;C:\Program Files\Java\jdk1.8.0_60\jre\lib\jce.jar;C:\Program Files\Java\jdk1.8.0_60\jre\lib\jfr.jar;C:\Program Files\Java\jdk1.8.0_60\jre\lib\jfxswt.jar;C:\Program Files\Java\jdk1.8.0_60\jre\lib\jsse.jar;C:\Program Files\Java\jdk1.8.0_60\jre\lib\management-agent.jar;C:\Program Files\Java\jdk1.8.0_60\jre\lib\plugin.jar;C:\Program Files\Java\jdk1.8.0_60\jre\lib\resources.jar;C:\Program Files\Java\jdk1.8.0_60\jre\lib\rt.jar;C:\Program Files\Java\jdk1.8.0_60\jre\lib\ext\access-bridge-64.jar;C:\Program Files\Java\jdk1.8.0_60\jre\lib\ext\cldrdata.jar;C:\Program Files\Java\jdk1.8.0_60\jre\lib\ext\dnsns.jar;C:\Program Files\Java\jdk1.8.0_60\jre\lib\ext\jaccess.jar;C:\Program Files\Java\jdk1.8.0_60\jre\lib\ext\jfxrt.jar;C:\Program Files\Java\jdk1.8.0_60\jre\lib\ext\localedata.jar;C:\Program Files\Java\jdk1.8.0_60\jre\lib\ext\nashorn.jar;C:\Program Files\Java\jdk1.8.0_60\jre\lib\ext\sunec.jar;C:\Program Files\Java\jdk1.8.0_60\jre\lib\ext\sunjce_provider.jar;C:\Program Files\Java\jdk1.8.0_60\jre\lib\ext\sunmscapi.jar;C:\Program Files\Java\jdk1.8.0_60\jre\lib\ext\sunpkcs11.jar;C:\Program Files\Java\jdk1.8.0_60\jre\lib\ext\zipfs.jar;D:\peka-network\build\classes\main;D:\peka-network\build\resources\main;C:\Users\kuzmichev\.gradle\caches\modules-2\files-2.1\org.json\json\20090211\c183aa3a2a6250293808bba12262c8920ce5a51c\json-20090211.jar;C:\Users\kuzmichev\.gradle\caches\modules-2\files-2.1\com.squareup.okio\okio\1.6.0\98476622f10715998eacf9240d6b479f12c66143\okio-1.6.0.jar;C:\Users\kuzmichev\.gradle\caches\modules-2\files-2.1\com.netflix.feign\feign-core\8.15.1\6fc4f5635995302dadbacb58f54be10d516c5ece\feign-core-8.15.1.jar;C:\Users\kuzmichev\.gradle\caches\modules-2\files-2.1\com.fasterxml.jackson.core\jackson-annotations\2.6.0\a0990e2e812ac6639b6ce955c91b13228500476e\jackson-annotations-2.6.
Launcher Type: SUN_STANDARD

Environment Variables:
JAVA_HOME=C:\Program Files\Java\jdk1.6.0_45
PATH=C:\ProgramData\Oracle\Java\javapath;C:\Program Files\Java\jdk1.6.0_45\bin;C:\WINDOWS\system32;C:\WINDOWS;C:\WINDOWS\System32\Wbem;C:\WINDOWS\System32\WindowsPowerShell\v1.0\;C:\Program Files\Microsoft\Web Platform Installer\;C:\Program Files (x86)\Microsoft ASP.NET\ASP.NET Web Pages\v1.0\;C:\Program Files\Microsoft SQL Server\110\Tools\Binn\;C:\Program Files (x86)\Windows Kits\8.1\Windows Performance Toolkit\;C:\Program Files (x86)\Microsoft SDKs\TypeScript\1.0\;D:\Tortoise\bin;C:\Program Files\Apache\maven\bin;C:\Program Files (x86)\Skype\Phone\;C:\Program Files (x86)\Subversion\bin
USERNAME=kuzmichev
OS=Windows_NT
PROCESSOR_IDENTIFIER=Intel64 Family 6 Model 42 Stepping 7, GenuineIntel



---------------  S Y S T E M  ---------------

OS: Windows 8.1 , 64 bit Build 9600 (6.3.9600.17415)

CPU:total 8 (4 cores per cpu, 2 threads per core) family 6 model 42 stepping 7, cmov, cx8, fxsr, mmx, sse, sse2, sse3, ssse3, sse4.1, sse4.2, popcnt, avx, aes, clmul, ht, tsc, tscinvbit

Memory: 4k page, physical 16686304k(7297932k free), swap 33463520k(19578420k free)

vm_info: Java HotSpot(TM) 64-Bit Server VM (25.60-b23) for windows-amd64 JRE (1.8.0_60-b27), built on Aug  4 2015 11:06:27 by "java_re" with MS VC++ 10.0 (VS2010)

time: Fri Apr 29 21:51:06 2016
elapsed time: 1129 seconds (0d 0h 18m 49s)

